EMAIL SERVICE: Loaded {
  configured: true,
  emailFrom: 'noreply@cloudvault.co.in',
  appUrl: 'https://cloudvault.co.in'
}
CORS allowed origins: [
  'http://localhost:3000',
  'http://localhost:5173',
  'https://www.cloudvault.co.in',
  'https://cloudvault.co.in',
  'https://cloudvault-storage-2jsb.vercel.app'
]
Registering API routes...
All API routes registered successfully
🚀 Server running on 0.0.0.0:3001
📝 Environment: development
🔗 API Base URL: http://localhost:3001/api/v1
❤️  Health Check: http://localhost:3001/health
✅ Database connected successfully
GET /api/v1/public/stats - User: anonymous
prisma:query SELECT 1
prisma:query SELECT SUM(`size`) AS `_sum$size` FROM (SELECT `main`.`File`.`size` FROM `main`.`File` WHERE `main`.`File`.`deletedAt` IS NULL LIMIT ? OFFSET ?) AS `sub`
prisma:query SELECT COUNT(*) AS `_count$_all` FROM (SELECT `main`.`File`.`id` FROM `main`.`File` WHERE `main`.`File`.`deletedAt` IS NULL LIMIT ? OFFSET ?) AS `sub`
prisma:query SELECT COUNT(*) AS `_count$_all` FROM (SELECT `main`.`User`.`id` FROM `main`.`User` WHERE (`main`.`User`.`isActive` = ? AND `main`.`User`.`deletedAt` IS NULL) LIMIT ? OFFSET ?) AS `sub`
GET /api/v1/public/stats - User: anonymous
prisma:query SELECT SUM(`size`) AS `_sum$size` FROM (SELECT `main`.`File`.`size` FROM `main`.`File` WHERE `main`.`File`.`deletedAt` IS NULL LIMIT ? OFFSET ?) AS `sub`
prisma:query SELECT COUNT(*) AS `_count$_all` FROM (SELECT `main`.`User`.`id` FROM `main`.`User` WHERE (`main`.`User`.`isActive` = ? AND `main`.`User`.`deletedAt` IS NULL) LIMIT ? OFFSET ?) AS `sub`
prisma:query SELECT COUNT(*) AS `_count$_all` FROM (SELECT `main`.`File`.`id` FROM `main`.`File` WHERE `main`.`File`.`deletedAt` IS NULL LIMIT ? OFFSET ?) AS `sub`
